<?xml version="1.0" encoding="UTF-8"?>
<!-- Generated by org.testng.reporters.JUnitReportReporter -->
<testsuite hostname="Nishantsharma" failures="0" tests="1" name="com.magic.test.MyLabLinkTest" time="13.457" errors="0" timestamp="02 Apr 2020 08:52:06 GMT" skipped="0">
  <testcase classname="com.magic.test.MyLabLinkTest" name="runtest" time="13.457"/>
</testsuite> <!-- com.magic.test.MyLabLinkTest -->
