<?xml version="1.0" encoding="UTF-8"?>
<!-- Generated by org.testng.reporters.JUnitReportReporter -->
<testsuite hostname="Nishantsharma" failures="0" tests="1" name="com.magic.test.NewsMailerTest" time="758.534" errors="0" timestamp="14 Apr 2020 10:58:49 GMT" skipped="0">
  <testcase classname="com.magic.test.NewsMailerTest" name="runtest" time="758.534"/>
</testsuite> <!-- com.magic.test.NewsMailerTest -->
